{"message":"::1 - - [20/Jan/2019:15:29:00 +0000] \"GET /api/news HTTP/1.1\" 304 - \"-\" \"Mozilla/5.0 (Windows NT 10.0; Win64; x64) AppleWebKit/537.36 (KHTML, like Gecko) Chrome/71.0.3578.98 Safari/537.36\"\n","level":"info"}
{"message":"404 - Not Found - /api/new - GET - ::1","level":"error"}
{"message":"::1 - - [20/Jan/2019:15:29:03 +0000] \"GET /api/new HTTP/1.1\" 404 21 \"-\" \"Mozilla/5.0 (Windows NT 10.0; Win64; x64) AppleWebKit/537.36 (KHTML, like Gecko) Chrome/71.0.3578.98 Safari/537.36\"\n","level":"info"}
{"message":"::1 - - [20/Jan/2019:15:37:17 +0000] \"GET / HTTP/1.1\" 200 170 \"-\" \"Mozilla/5.0 (Windows NT 10.0; Win64; x64) AppleWebKit/537.36 (KHTML, like Gecko) Chrome/71.0.3578.98 Safari/537.36\"\n","level":"info"}
{"message":"::1 - - [20/Jan/2019:15:37:17 +0000] \"GET /stylesheets/style.css HTTP/1.1\" 304 - \"http://localhost:3000/\" \"Mozilla/5.0 (Windows NT 10.0; Win64; x64) AppleWebKit/537.36 (KHTML, like Gecko) Chrome/71.0.3578.98 Safari/537.36\"\n","level":"info"}
{"message":"::1 - - [21/Jan/2019:18:08:39 +0000] \"POST /api/news HTTP/1.1\" 200 54 \"-\" \"PostmanRuntime/7.6.0\"\n","level":"info"}
{"message":"::1 - - [21/Jan/2019:18:09:15 +0000] \"GET /api/news HTTP/1.1\" 200 172 \"-\" \"PostmanRuntime/7.6.0\"\n","level":"info"}
{"message":"::1 - - [21/Jan/2019:18:09:53 +0000] \"GET /api/news HTTP/1.1\" 200 172 \"-\" \"PostmanRuntime/7.6.0\"\n","level":"info"}
{"message":"::1 - - [21/Jan/2019:18:10:14 +0000] \"GET /api/news HTTP/1.1\" 200 158 \"-\" \"PostmanRuntime/7.6.0\"\n","level":"info"}
{"message":"::1 - - [21/Jan/2019:18:14:36 +0000] \"GET /api/news/1 HTTP/1.1\" 200 - \"-\" \"PostmanRuntime/7.6.0\"\n","level":"info"}
{"message":"::1 - - [21/Jan/2019:18:14:38 +0000] \"GET /api/news/1 HTTP/1.1\" 200 - \"-\" \"PostmanRuntime/7.6.0\"\n","level":"info"}
{"message":"::1 - - [21/Jan/2019:18:15:24 +0000] \"GET /api/news/3 HTTP/1.1\" 200 - \"-\" \"PostmanRuntime/7.6.0\"\n","level":"info"}
{"message":"::1 - - [21/Jan/2019:18:15:27 +0000] \"GET /api/news/3 HTTP/1.1\" 200 - \"-\" \"PostmanRuntime/7.6.0\"\n","level":"info"}
{"message":"::1 - - [21/Jan/2019:18:15:28 +0000] \"GET /api/news/3 HTTP/1.1\" 200 - \"-\" \"PostmanRuntime/7.6.0\"\n","level":"info"}
{"message":"::1 - - [21/Jan/2019:18:15:29 +0000] \"GET /api/news/3 HTTP/1.1\" 200 - \"-\" \"PostmanRuntime/7.6.0\"\n","level":"info"}
{"message":"::1 - - [21/Jan/2019:18:15:29 +0000] \"GET /api/news/3 HTTP/1.1\" 200 - \"-\" \"PostmanRuntime/7.6.0\"\n","level":"info"}
{"message":"::1 - - [21/Jan/2019:18:15:30 +0000] \"GET /api/news/3 HTTP/1.1\" 200 - \"-\" \"PostmanRuntime/7.6.0\"\n","level":"info"}
{"message":"::1 - - [21/Jan/2019:18:15:31 +0000] \"GET /api/news/3 HTTP/1.1\" 200 - \"-\" \"PostmanRuntime/7.6.0\"\n","level":"info"}
{"message":"::1 - - [21/Jan/2019:18:15:32 +0000] \"GET /api/news/3 HTTP/1.1\" 200 - \"-\" \"PostmanRuntime/7.6.0\"\n","level":"info"}
{"message":"::1 - - [21/Jan/2019:18:15:32 +0000] \"GET /api/news/3 HTTP/1.1\" 200 - \"-\" \"PostmanRuntime/7.6.0\"\n","level":"info"}
{"message":"500 - log is not defined - /api/news/3 - GET - ::1","level":"error"}
{"message":"::1 - - [21/Jan/2019:18:17:39 +0000] \"GET /api/news/3 HTTP/1.1\" 500 30 \"-\" \"PostmanRuntime/7.6.0\"\n","level":"info"}
{"message":"::1 - - [21/Jan/2019:18:18:37 +0000] \"GET /api/news/3 HTTP/1.1\" 200 - \"-\" \"PostmanRuntime/7.6.0\"\n","level":"info"}
{"message":"::1 - - [21/Jan/2019:18:21:26 +0000] \"GET /api/news/3 HTTP/1.1\" 200 - \"-\" \"PostmanRuntime/7.6.0\"\n","level":"info"}
{"message":"::1 - - [21/Jan/2019:18:21:27 +0000] \"GET /api/news/3 HTTP/1.1\" 200 - \"-\" \"PostmanRuntime/7.6.0\"\n","level":"info"}
{"message":"::1 - - [21/Jan/2019:18:21:28 +0000] \"GET /api/news/3 HTTP/1.1\" 200 - \"-\" \"PostmanRuntime/7.6.0\"\n","level":"info"}
{"message":"::1 - - [21/Jan/2019:18:25:13 +0000] \"GET /api/news/3 HTTP/1.1\" 200 - \"-\" \"PostmanRuntime/7.6.0\"\n","level":"info"}
{"message":"::1 - - [21/Jan/2019:18:25:16 +0000] \"GET /api/news/3 HTTP/1.1\" 200 - \"-\" \"PostmanRuntime/7.6.0\"\n","level":"info"}
{"message":"::1 - - [21/Jan/2019:18:25:18 +0000] \"GET /api/news/3 HTTP/1.1\" 200 - \"-\" \"PostmanRuntime/7.6.0\"\n","level":"info"}
{"message":"::1 - - [21/Jan/2019:18:25:19 +0000] \"GET /api/news/3 HTTP/1.1\" 200 - \"-\" \"PostmanRuntime/7.6.0\"\n","level":"info"}
{"message":"::1 - - [21/Jan/2019:18:25:20 +0000] \"GET /api/news/3 HTTP/1.1\" 200 - \"-\" \"PostmanRuntime/7.6.0\"\n","level":"info"}
{"message":"::1 - - [21/Jan/2019:18:27:19 +0000] \"GET /api/news/3 HTTP/1.1\" 200 49 \"-\" \"PostmanRuntime/7.6.0\"\n","level":"info"}
{"message":"::1 - - [21/Jan/2019:18:27:26 +0000] \"GET /api/news/2 HTTP/1.1\" 200 53 \"-\" \"PostmanRuntime/7.6.0\"\n","level":"info"}
{"message":"::1 - - [21/Jan/2019:18:33:52 +0000] \"DELETE /api/news/2 HTTP/1.1\" 200 314 \"-\" \"PostmanRuntime/7.6.0\"\n","level":"info"}
{"message":"::1 - - [21/Jan/2019:18:35:15 +0000] \"DELETE /api/news/5 HTTP/1.1\" 200 314 \"-\" \"PostmanRuntime/7.6.0\"\n","level":"info"}
{"message":"::1 - - [21/Jan/2019:18:37:19 +0000] \"DELETE /api/news/6 HTTP/1.1\" 200 264 \"-\" \"PostmanRuntime/7.6.0\"\n","level":"info"}
{"message":"::1 - - [21/Jan/2019:18:37:29 +0000] \"DELETE /api/news/5 HTTP/1.1\" 200 264 \"-\" \"PostmanRuntime/7.6.0\"\n","level":"info"}
{"message":"::1 - - [21/Jan/2019:18:37:41 +0000] \"DELETE /api/news/6 HTTP/1.1\" 200 264 \"-\" \"PostmanRuntime/7.6.0\"\n","level":"info"}
{"message":"::1 - - [21/Jan/2019:18:50:53 +0000] \"DELETE /api/news/1 HTTP/1.1\" 200 255 \"-\" \"PostmanRuntime/7.6.0\"\n","level":"info"}
{"message":"500 - Invalid status code: 7 - /api/news - POST - ::1","level":"error"}
{"message":"::1 - - [21/Jan/2019:18:51:10 +0000] \"POST /api/news HTTP/1.1\" 500 34 \"-\" \"PostmanRuntime/7.6.0\"\n","level":"info"}
{"message":"500 - Invalid status code: 7 - /api/news - POST - ::1","level":"error"}
{"message":"::1 - - [21/Jan/2019:18:53:06 +0000] \"POST /api/news HTTP/1.1\" 500 34 \"-\" \"PostmanRuntime/7.6.0\"\n","level":"info"}
{"message":"400 - Unexpected token \" in JSON at position 1 - /api/news - POST - ::1","level":"error"}
{"message":"::1 - - [21/Jan/2019:18:56:13 +0000] \"POST /api/news HTTP/1.1\" 400 53 \"-\" \"PostmanRuntime/7.6.0\"\n","level":"info"}
{"message":"500 - Invalid status code: 7 - /api/news - POST - ::1","level":"error"}
{"message":"::1 - - [21/Jan/2019:18:57:26 +0000] \"POST /api/news HTTP/1.1\" 500 34 \"-\" \"PostmanRuntime/7.6.0\"\n","level":"info"}
{"message":"500 - Invalid status code: 7 - /api/news - POST - ::1","level":"error"}
{"message":"::1 - - [21/Jan/2019:18:58:34 +0000] \"POST /api/news HTTP/1.1\" 500 34 \"-\" \"PostmanRuntime/7.6.0\"\n","level":"info"}
{"message":"400 - Cannot read property '1' of null - /api/news - POST - ::1","level":"error"}
{"message":"::1 - - [21/Jan/2019:18:59:16 +0000] \"POST /api/news HTTP/1.1\" 400 44 \"-\" \"PostmanRuntime/7.6.0\"\n","level":"info"}
{"message":"500 - Invalid status code: 8 - /api/news - POST - ::1","level":"error"}
{"message":"::1 - - [21/Jan/2019:19:01:39 +0000] \"POST /api/news HTTP/1.1\" 500 34 \"-\" \"PostmanRuntime/7.6.0\"\n","level":"info"}
{"message":"500 - news is not defined - /api/news - POST - ::1","level":"error"}
{"message":"::1 - - [21/Jan/2019:19:02:05 +0000] \"POST /api/news HTTP/1.1\" 500 31 \"-\" \"PostmanRuntime/7.6.0\"\n","level":"info"}
{"message":"::1 - - [21/Jan/2019:19:03:09 +0000] \"POST /api/news HTTP/1.1\" 200 42 \"-\" \"PostmanRuntime/7.6.0\"\n","level":"info"}
{"message":"::1 - - [21/Jan/2019:19:03:13 +0000] \"POST /api/news HTTP/1.1\" 200 42 \"-\" \"PostmanRuntime/7.6.0\"\n","level":"info"}
{"message":"500 - Invalid status code: 7 - /api/news - POST - ::1","level":"error"}
{"message":"::1 - - [21/Jan/2019:19:03:41 +0000] \"POST /api/news HTTP/1.1\" 500 34 \"-\" \"PostmanRuntime/7.6.0\"\n","level":"info"}
{"message":"::1 - - [21/Jan/2019:19:05:07 +0000] \"POST /api/news HTTP/1.1\" 200 42 \"-\" \"PostmanRuntime/7.6.0\"\n","level":"info"}
{"message":"::1 - - [21/Jan/2019:19:05:26 +0000] \"POST /api/news HTTP/1.1\" 200 42 \"-\" \"PostmanRuntime/7.6.0\"\n","level":"info"}
{"message":"::1 - - [21/Jan/2019:19:07:07 +0000] \"POST /api/news HTTP/1.1\" 200 42 \"-\" \"PostmanRuntime/7.6.0\"\n","level":"info"}
{"message":"::1 - - [21/Jan/2019:19:07:18 +0000] \"POST /api/news HTTP/1.1\" 200 42 \"-\" \"PostmanRuntime/7.6.0\"\n","level":"info"}
{"message":"::1 - - [21/Jan/2019:19:12:17 +0000] \"POST /api/news HTTP/1.1\" 200 357 \"-\" \"PostmanRuntime/7.6.0\"\n","level":"info"}
{"message":"::1 - - [21/Jan/2019:19:12:43 +0000] \"POST /api/news HTTP/1.1\" 200 400 \"-\" \"PostmanRuntime/7.6.0\"\n","level":"info"}
{"message":"::1 - - [21/Jan/2019:19:13:59 +0000] \"POST /api/news HTTP/1.1\" 200 443 \"-\" \"PostmanRuntime/7.6.0\"\n","level":"info"}
{"message":"::1 - - [21/Jan/2019:19:14:17 +0000] \"DELETE /api/news/8 HTTP/1.1\" 200 400 \"-\" \"PostmanRuntime/7.6.0\"\n","level":"info"}
{"message":"::1 - - [21/Jan/2019:19:14:26 +0000] \"DELETE /api/news/7 HTTP/1.1\" 200 357 \"-\" \"PostmanRuntime/7.6.0\"\n","level":"info"}
{"message":"::1 - - [21/Jan/2019:19:15:54 +0000] \"PUT /api/news/7 HTTP/1.1\" 200 42 \"-\" \"PostmanRuntime/7.6.0\"\n","level":"info"}
{"message":"::1 - - [21/Jan/2019:19:22:58 +0000] \"PUT /api/news/7 HTTP/1.1\" 200 42 \"-\" \"PostmanRuntime/7.6.0\"\n","level":"info"}
{"message":"::1 - - [21/Jan/2019:19:23:09 +0000] \"PUT /api/news/7 HTTP/1.1\" 200 42 \"-\" \"PostmanRuntime/7.6.0\"\n","level":"info"}
{"message":"400 - Cannot read property '1' of null - /api/news/7 - PUT - ::1","level":"error"}
{"message":"::1 - - [21/Jan/2019:19:25:16 +0000] \"PUT /api/news/7 HTTP/1.1\" 400 44 \"-\" \"PostmanRuntime/7.6.0\"\n","level":"info"}
{"message":"400 - Cannot read property '1' of null - /api/news/7 - PUT - ::1","level":"error"}
{"message":"::1 - - [21/Jan/2019:19:26:39 +0000] \"PUT /api/news/7 HTTP/1.1\" 400 44 \"-\" \"PostmanRuntime/7.6.0\"\n","level":"info"}
{"message":"::1 - - [21/Jan/2019:19:26:47 +0000] \"PUT /api/news/7 HTTP/1.1\" 200 42 \"-\" \"PostmanRuntime/7.6.0\"\n","level":"info"}
{"message":"::1 - - [21/Jan/2019:19:27:33 +0000] \"PUT /api/news/7 HTTP/1.1\" 200 47 \"-\" \"PostmanRuntime/7.6.0\"\n","level":"info"}
{"message":"500 - updatedArray is not defined - /api/news/7 - PUT - ::1","level":"error"}
{"message":"::1 - - [21/Jan/2019:19:36:31 +0000] \"PUT /api/news/7 HTTP/1.1\" 500 39 \"-\" \"PostmanRuntime/7.6.0\"\n","level":"info"}
{"message":"::1 - - [21/Jan/2019:19:37:06 +0000] \"PUT /api/news/7 HTTP/1.1\" 200 47 \"-\" \"PostmanRuntime/7.6.0\"\n","level":"info"}
{"message":"::1 - - [21/Jan/2019:19:40:24 +0000] \"PUT /api/news/7 HTTP/1.1\" 200 47 \"-\" \"PostmanRuntime/7.6.0\"\n","level":"info"}
{"message":"::1 - - [21/Jan/2019:19:40:34 +0000] \"PUT /api/news/9 HTTP/1.1\" 200 47 \"-\" \"PostmanRuntime/7.6.0\"\n","level":"info"}
{"message":"::1 - - [21/Jan/2019:19:40:37 +0000] \"PUT /api/news/9 HTTP/1.1\" 200 47 \"-\" \"PostmanRuntime/7.6.0\"\n","level":"info"}
{"message":"::1 - - [21/Jan/2019:19:40:42 +0000] \"PUT /api/news/9 HTTP/1.1\" 200 47 \"-\" \"PostmanRuntime/7.6.0\"\n","level":"info"}
{"message":"::1 - - [21/Jan/2019:19:42:18 +0000] \"PUT /api/news/9 HTTP/1.1\" 200 47 \"-\" \"PostmanRuntime/7.6.0\"\n","level":"info"}
{"message":"::1 - - [21/Jan/2019:19:50:48 +0000] \"PUT /api/news/9 HTTP/1.1\" 200 362 \"-\" \"PostmanRuntime/7.6.0\"\n","level":"info"}
{"message":"::1 - - [21/Jan/2019:19:51:02 +0000] \"PUT /api/news/1 HTTP/1.1\" 200 410 \"-\" \"PostmanRuntime/7.6.0\"\n","level":"info"}
{"message":"::1 - - [21/Jan/2019:19:51:24 +0000] \"PUT /api/news/2 HTTP/1.1\" 200 458 \"-\" \"PostmanRuntime/7.6.0\"\n","level":"info"}
{"message":"::1 - - [21/Jan/2019:19:51:52 +0000] \"PUT /api/news/6 HTTP/1.1\" 200 506 \"-\" \"PostmanRuntime/7.6.0\"\n","level":"info"}
{"message":"::1 - - [21/Jan/2019:19:52:02 +0000] \"PUT /api/news/6 HTTP/1.1\" 200 554 \"-\" \"PostmanRuntime/7.6.0\"\n","level":"info"}
{"message":"::1 - - [21/Jan/2019:19:52:04 +0000] \"PUT /api/news/6 HTTP/1.1\" 200 602 \"-\" \"PostmanRuntime/7.6.0\"\n","level":"info"}
{"message":"::1 - - [21/Jan/2019:19:53:00 +0000] \"PUT /api/news/6 HTTP/1.1\" 200 362 \"-\" \"PostmanRuntime/7.6.0\"\n","level":"info"}
{"message":"::1 - - [21/Jan/2019:19:53:23 +0000] \"PUT /api/news/7 HTTP/1.1\" 200 410 \"-\" \"PostmanRuntime/7.6.0\"\n","level":"info"}
{"message":"::1 - - [21/Jan/2019:19:53:35 +0000] \"PUT /api/news/1 HTTP/1.1\" 200 458 \"-\" \"PostmanRuntime/7.6.0\"\n","level":"info"}
{"message":"::1 - - [21/Jan/2019:19:58:36 +0000] \"PUT /api/news/1 HTTP/1.1\" 200 362 \"-\" \"PostmanRuntime/7.6.0\"\n","level":"info"}
{"message":"::1 - - [21/Jan/2019:20:06:28 +0000] \"PUT /api/news/1 HTTP/1.1\" 200 303 \"-\" \"PostmanRuntime/7.6.0\"\n","level":"info"}
{"message":"::1 - - [21/Jan/2019:20:06:40 +0000] \"PUT /api/news/1 HTTP/1.1\" 200 303 \"-\" \"PostmanRuntime/7.6.0\"\n","level":"info"}
{"message":"::1 - - [21/Jan/2019:20:06:55 +0000] \"PUT /api/news/1 HTTP/1.1\" 200 312 \"-\" \"PostmanRuntime/7.6.0\"\n","level":"info"}
{"message":"::1 - - [21/Jan/2019:20:07:03 +0000] \"PUT /api/news/10 HTTP/1.1\" 200 384 \"-\" \"PostmanRuntime/7.6.0\"\n","level":"info"}
{"message":"::1 - - [21/Jan/2019:20:07:24 +0000] \"PUT /api/news/7 HTTP/1.1\" 200 436 \"-\" \"PostmanRuntime/7.6.0\"\n","level":"info"}
{"message":"::1 - - [21/Jan/2019:20:07:34 +0000] \"PUT /api/news/7 HTTP/1.1\" 200 436 \"-\" \"PostmanRuntime/7.6.0\"\n","level":"info"}
{"message":"::1 - - [21/Jan/2019:20:08:01 +0000] \"POST /api/news HTTP/1.1\" 200 493 \"-\" \"PostmanRuntime/7.6.0\"\n","level":"info"}
{"message":"::1 - - [21/Jan/2019:20:10:37 +0000] \"POST /api/news HTTP/1.1\" 200 550 \"-\" \"PostmanRuntime/7.6.0\"\n","level":"info"}
{"message":"::1 - - [21/Jan/2019:20:15:57 +0000] \"POST /api/news HTTP/1.1\" 200 371 \"-\" \"PostmanRuntime/7.6.0\"\n","level":"info"}
{"message":"::1 - - [21/Jan/2019:20:16:14 +0000] \"POST /api/news HTTP/1.1\" 200 429 \"-\" \"PostmanRuntime/7.6.0\"\n","level":"info"}
{"message":"::1 - - [21/Jan/2019:20:16:27 +0000] \"GET /api/news HTTP/1.1\" 200 429 \"-\" \"PostmanRuntime/7.6.0\"\n","level":"info"}
{"message":"::1 - - [21/Jan/2019:20:18:10 +0000] \"GET /api/news/17 HTTP/1.1\" 200 57 \"-\" \"PostmanRuntime/7.6.0\"\n","level":"info"}
{"message":"::1 - - [21/Jan/2019:20:18:16 +0000] \"GET /api/news/11 HTTP/1.1\" 200 - \"-\" \"PostmanRuntime/7.6.0\"\n","level":"info"}
{"message":"404 - Not Found - /api/news/11 - POST - ::1","level":"error"}
{"message":"::1 - - [21/Jan/2019:20:18:32 +0000] \"POST /api/news/11 HTTP/1.1\" 404 21 \"-\" \"PostmanRuntime/7.6.0\"\n","level":"info"}
{"message":"::1 - - [21/Jan/2019:20:18:39 +0000] \"POST /api/news HTTP/1.1\" 200 487 \"-\" \"PostmanRuntime/7.6.0\"\n","level":"info"}
{"message":"::1 - - [21/Jan/2019:20:19:44 +0000] \"DELETE /api/news/17 HTTP/1.1\" 200 371 \"-\" \"PostmanRuntime/7.6.0\"\n","level":"info"}
{"message":"::1 - - [21/Jan/2019:20:19:58 +0000] \"PUT /api/news/17 HTTP/1.1\" 200 580 \"-\" \"PostmanRuntime/7.6.0\"\n","level":"info"}
{"message":"::1 - - [21/Jan/2019:20:20:39 +0000] \"PUT /api/news/16 HTTP/1.1\" 200 633 \"-\" \"PostmanRuntime/7.6.0\"\n","level":"info"}
{"message":"::1 - - [21/Jan/2019:20:20:50 +0000] \"PUT /api/news/15 HTTP/1.1\" 200 686 \"-\" \"PostmanRuntime/7.6.0\"\n","level":"info"}
{"message":"::1 - - [21/Jan/2019:20:21:17 +0000] \"PUT /api/news/17 HTTP/1.1\" 200 675 \"-\" \"PostmanRuntime/7.6.0\"\n","level":"info"}
